<?xml version="1.0" encoding="UTF-8"?>
<!-- Generated by org.testng.reporters.JUnitReportReporter -->
<testsuite hostname="IE11Win7" name="com.tests.twitter.tests.MainTestClass" tests="1" failures="0" timestamp="8 May 2016 15:17:22 GMT" time="16.568" errors="0">
  <testcase name="testpages" time="16.568" classname="com.tests.twitter.tests.MainTestClass"/>
</testsuite> <!-- com.tests.twitter.tests.MainTestClass -->
