<?xml version="1.0" encoding="UTF-8"?>
<!-- Generated by org.testng.reporters.JUnitReportReporter -->
<testsuite hostname="IE11Win7" name="com.test.twitter.pages.MainTestClass" tests="1" failures="0" timestamp="8 May 2016 14:57:06 GMT" time="14.605" errors="0">
  <testcase name="testpages" time="14.605" classname="com.test.twitter.pages.MainTestClass"/>
</testsuite> <!-- com.test.twitter.pages.MainTestClass -->
